[11:48:38] 5000
[11:48:38] Model Features: 0       79545.458574
[11:48:38] 1       79248.642455
[11:48:38] 2       61287.067179
[11:48:38] 3       63345.240046
[11:48:38] 4       59982.197226
[11:48:38]             ...     
[11:48:38] 4995    60567.944140
[11:48:38] 4996    78491.275435
[11:48:38] 4997    63390.686886
[11:48:38] 4998    68001.331235
[11:48:38] 4999    65510.581804
[11:48:38] Name: Avg. Area Income, Length: 5000, dtype: float64 0       23086.800503
[11:48:38] 1       40173.072174
[11:48:38] 2       36882.159400
[11:48:38] 3       34310.242831
[11:48:38] 4       26354.109472
[11:48:38]             ...     
[11:48:38] 4995    22837.361035
[11:48:38] 4996    25616.115489
[11:48:38] 4997    33266.145490
[11:48:38] 4998    42625.620156
[11:48:38] 4999    46501.283803
[11:48:38] Name: Area Population, Length: 5000, dtype: float64 0       5.682861
[11:48:38] 1       6.002900
[11:48:38] 2       5.865890
[11:48:38] 3       7.188236
[11:48:38] 4       5.040555
[11:48:38]           ...   
[11:48:38] 4995    7.830362
[11:48:38] 4996    6.999135
[11:48:38] 4997    7.250591
[11:48:38] 4998    5.534388
[11:48:38] 4999    5.992305
[11:48:38] Name: Avg. Area House Age, Length: 5000, dtype: float64 0       7.009188
[11:48:38] 1       6.730821
[11:48:38] 2       8.512727
[11:48:38] 3       5.586729
[11:48:38] 4       7.839388
[11:48:38]           ...   
[11:48:38] 4995    6.137356
[11:48:38] 4996    6.576763
[11:48:38] 4997    4.805081
[11:48:38] 4998    7.130144
[11:48:38] 4999    6.792336
[11:48:38] Name: Avg. Area Number of Rooms, Length: 5000, dtype: float64
[11:48:38] mse= 0.08202714761373453
[11:48:50] Model Correlation (R): 0.9581
[11:48:50] R-Squared: 0.9180
