[04:33:08] 0       79545.458574
[04:33:08] 1       79248.642455
[04:33:08] 2       61287.067179
[04:33:08] 3       63345.240046
[04:33:08] 4       59982.197226
[04:33:08]             ...     
[04:33:08] 4995    60567.944140
[04:33:08] 4996    78491.275435
[04:33:08] 4997    63390.686886
[04:33:08] 4998    68001.331235
[04:33:08] 4999    65510.581804
[04:33:08] Name: Avg. Area Income, Length: 5000, dtype: float64 0       23086.800503
[04:33:08] 1       40173.072174
[04:33:08] 2       36882.159400
[04:33:08] 3       34310.242831
[04:33:08] 4       26354.109472
[04:33:08]             ...     
[04:33:08] 4995    22837.361035
[04:33:08] 4996    25616.115489
[04:33:08] 4997    33266.145490
[04:33:08] 4998    42625.620156
[04:33:08] 4999    46501.283803
[04:33:08] Name: Area Population, Length: 5000, dtype: float64 0       1.059034e+06
[04:33:08] 1       1.505891e+06
[04:33:08] 2       1.058988e+06
[04:33:08] 3       1.260617e+06
[04:33:08] 4       6.309435e+05
[04:33:08]             ...     
[04:33:08] 4995    1.060194e+06
[04:33:08] 4996    1.482618e+06
[04:33:08] 4997    1.030730e+06
[04:33:08] 4998    1.198657e+06
[04:33:08] 4999    1.298950e+06
[04:33:08] Name: Price, Length: 5000, dtype: float64
